--- Sync Start: Fri Mar 27 11:05:01 IST 2026 ---
fatal: pathspec 'mkdocs.yml' did not match any files
No changes to sync.
--- Sync Start: Fri Mar 27 11:35:00 IST 2026 ---
Staging changes...
[main 15aa3bd] GardenOS Sync: 2026-03-27 11:35:00
 7 files changed, 25 insertions(+), 17 deletions(-)
To github.com:surendranb/gardenbot.git
   d7882d1..15aa3bd  main -> main
Sync Successful.
--- Sync Start: Fri Mar 27 12:06:18 IST 2026 ---
Building site...

[31m в”‚  вљ   Warning from the Material for MkDocs team[0m
[31m в”‚[0m
[31m в”‚[0m  MkDocs 2.0, the underlying framework of Material for MkDocs,
[31m в”‚[0m  will introduce backward-incompatible changes, including:
[31m в”‚[0m
[31m в”‚  Г— [0mAll plugins will stop working вЂ“ the plugin system has been removed
[31m в”‚  Г— [0mAll theme overrides will break вЂ“ the theming system has been rewritten
[31m в”‚  Г— [0mNo migration path exists вЂ“ existing projects cannot be upgraded
[31m в”‚  Г— [0mClosed contribution model вЂ“ community members can't report bugs
[31m в”‚  Г— [0mCurrently unlicensed вЂ“ unsuitable for production use
[31m в”‚[0m
[31m в”‚[0m  Our full analysis:
[31m в”‚[0m
[31m в”‚[0m  [4mhttps://squidfunk.github.io/mkdocs-material/blog/2026/02/18/mkdocs-2.0/[0m
[0m
INFO    -  Cleaning site directory
INFO    -  Building documentation to directory: /Users/surendran/.openclaw/workspace/gardenbot/docs
INFO    -  The following pages exist in the docs directory, but are not included in the "nav" configuration:
  - data/observer_context.md
INFO    -  Documentation built in 0.66 seconds
